<?xml version="1.0" encoding="UTF-8"?>
<testng-results skipped="0" failed="0" ignored="0" total="3" passed="3">
  <reporter-output>
  </reporter-output>
  <suite name="Default suite" duration-ms="48898" started-at="2019-11-30T22:48:39 EST" finished-at="2019-11-30T22:49:28 EST">
    <groups>
    </groups>
    <test name="Default test" duration-ms="48898" started-at="2019-11-30T22:48:39 EST" finished-at="2019-11-30T22:49:28 EST">
      <class name="Data_driven_frameWork.Data_Driven_Testing">
        <test-method status="PASS" signature="login(java.lang.String, java.lang.String)[pri:0, instance:Data_driven_frameWork.Data_Driven_Testing@78c03f1f]" name="login" duration-ms="14758" started-at="2019-11-30T22:48:39 EST" data-provider="testdata" finished-at="2019-11-30T22:48:54 EST">
          <params>
            <param index="0">
              <value>
                <![CDATA[admin]]>
              </value>
            </param>
            <param index="1">
              <value>
                <![CDATA[admin@123]]>
              </value>
            </param>
          </params>
          <reporter-output>
          </reporter-output>
        </test-method> <!-- login -->
        <test-method status="PASS" signature="login(java.lang.String, java.lang.String)[pri:0, instance:Data_driven_frameWork.Data_Driven_Testing@78c03f1f]" name="login" duration-ms="15754" started-at="2019-11-30T22:48:54 EST" data-provider="testdata" finished-at="2019-11-30T22:49:09 EST">
          <params>
            <param index="0">
              <value>
                <![CDATA[admin]]>
              </value>
            </param>
            <param index="1">
              <value>
                <![CDATA[admin@123]]>
              </value>
            </param>
          </params>
          <reporter-output>
          </reporter-output>
        </test-method> <!-- login -->
        <test-method status="PASS" signature="login(java.lang.String, java.lang.String)[pri:0, instance:Data_driven_frameWork.Data_Driven_Testing@78c03f1f]" name="login" duration-ms="18272" started-at="2019-11-30T22:49:09 EST" data-provider="testdata" finished-at="2019-11-30T22:49:28 EST">
          <params>
            <param index="0">
              <value>
                <![CDATA[admin]]>
              </value>
            </param>
            <param index="1">
              <value>
                <![CDATA[admin@123]]>
              </value>
            </param>
          </params>
          <reporter-output>
          </reporter-output>
        </test-method> <!-- login -->
      </class> <!-- Data_driven_frameWork.Data_Driven_Testing -->
    </test> <!-- Default test -->
  </suite> <!-- Default suite -->
</testng-results>
