<?xml version="1.0" encoding="UTF-8"?>
<!-- Generated by org.testng.reporters.JUnitXMLReporter -->
<testsuite hostname="DESKTOP-R3TL37P" ignored="0" name="Default test" tests="3" failures="0" timestamp="2019-11-30T22:49:28 EST" time="48.898" errors="0">
  <testcase name="login" time="14.758" classname="Data_driven_frameWork.Data_Driven_Testing"/>
  <testcase name="login" time="15.754" classname="Data_driven_frameWork.Data_Driven_Testing"/>
  <testcase name="login" time="18.272" classname="Data_driven_frameWork.Data_Driven_Testing"/>
</testsuite> <!-- Default test -->
