<?xml version="1.0" encoding="UTF-8"?>
<testng-results skipped="0" failed="0" ignored="0" total="1" passed="1">
  <reporter-output>
  </reporter-output>
  <suite name="Default suite" duration-ms="13901" started-at="2019-11-04T21:57:22Z" finished-at="2019-11-04T21:57:36Z">
    <groups>
    </groups>
    <test name="Default test" duration-ms="13901" started-at="2019-11-04T21:57:22Z" finished-at="2019-11-04T21:57:36Z">
      <class name="com.amazon.amazon1.margagetestng">
        <test-method status="PASS" signature="beforeClass()[pri:0, instance:com.amazon.amazon1.margagetestng@55f3ddb1]" name="beforeClass" is-config="true" duration-ms="11398" started-at="2019-11-04T21:57:22Z" finished-at="2019-11-04T21:57:34Z">
          <reporter-output>
          </reporter-output>
        </test-method> <!-- beforeClass -->
        <test-method status="PASS" signature="f()[pri:0, instance:com.amazon.amazon1.margagetestng@55f3ddb1]" name="f" duration-ms="2463" started-at="2019-11-04T21:57:34Z" finished-at="2019-11-04T21:57:36Z">
          <reporter-output>
          </reporter-output>
        </test-method> <!-- f -->
        <test-method status="PASS" signature="afterClass()[pri:0, instance:com.amazon.amazon1.margagetestng@55f3ddb1]" name="afterClass" is-config="true" duration-ms="1" started-at="2019-11-04T21:57:36Z" finished-at="2019-11-04T21:57:36Z">
          <reporter-output>
          </reporter-output>
        </test-method> <!-- afterClass -->
      </class> <!-- com.amazon.amazon1.margagetestng -->
    </test> <!-- Default test -->
  </suite> <!-- Default suite -->
</testng-results>
